2022-09-12 15:02:42 [scrapy.utils.log] INFO: Scrapy 2.6.2 started (bot: crawler)
2022-09-12 15:02:42 [scrapy.utils.log] INFO: Versions: lxml 4.9.1.0, libxml2 2.9.14, cssselect 1.1.0, parsel 1.6.0, w3lib 2.0.1, Twisted 22.4.0, Python 3.10.5 (main, Jun  6 2022, 18:49:26) [GCC 12.1.0], pyOpenSSL 22.0.0 (OpenSSL 3.0.5 5 Jul 2022), cryptography 37.0.4, Platform Linux-5.10.120-1-MANJARO-x86_64-with-glibc2.35
2022-09-12 15:02:42 [scrapy.crawler] INFO: Overridden settings:
{'BOT_NAME': 'crawler',
 'CLOSESPIDER_ERRORCOUNT': 1,
 'CLOSESPIDER_PAGECOUNT': 2,
 'EDITOR': '/usr/bin/nano',
 'LOG_FILE': './logs/default/youtube/2022-09-12T15_01_51.log',
 'NEWSPIDER_MODULE': 'crawler.spiders',
 'SPIDER_MODULES': ['crawler.spiders'],
 'USER_AGENT': 'Mozilla/5.0 (X11; Linux x86_64) AppleWebKit/537.36 (KHTML, '
               'like Gecko) Chrome/102.0.5005.61 Safari/537.36'}
2022-09-12 15:02:42 [scrapy.utils.log] DEBUG: Using reactor: twisted.internet.epollreactor.EPollReactor
2022-09-12 15:02:42 [scrapy.extensions.telnet] INFO: Telnet Password: 6c0f50c62a001fb8
2022-09-12 15:02:42 [scrapy.middleware] INFO: Enabled extensions:
['scrapy.extensions.corestats.CoreStats',
 'scrapy.extensions.telnet.TelnetConsole',
 'scrapy.extensions.memusage.MemoryUsage',
 'scrapy.extensions.closespider.CloseSpider',
 'scrapy.extensions.logstats.LogStats']
2022-09-12 15:02:42 [scrapy.middleware] INFO: Enabled downloader middlewares:
['scrapy.downloadermiddlewares.httpauth.HttpAuthMiddleware',
 'scrapy.downloadermiddlewares.downloadtimeout.DownloadTimeoutMiddleware',
 'scrapy.downloadermiddlewares.defaultheaders.DefaultHeadersMiddleware',
 'scrapy.downloadermiddlewares.useragent.UserAgentMiddleware',
 'scrapy.downloadermiddlewares.retry.RetryMiddleware',
 'scrapy.downloadermiddlewares.redirect.MetaRefreshMiddleware',
 'scrapy.downloadermiddlewares.httpcompression.HttpCompressionMiddleware',
 'scrapy.downloadermiddlewares.redirect.RedirectMiddleware',
 'scrapy.downloadermiddlewares.cookies.CookiesMiddleware',
 'scrapy.downloadermiddlewares.httpproxy.HttpProxyMiddleware',
 'scrapy.downloadermiddlewares.stats.DownloaderStats']
2022-09-12 15:02:42 [scrapy.middleware] INFO: Enabled spider middlewares:
['scrapy.spidermiddlewares.httperror.HttpErrorMiddleware',
 'scrapy.spidermiddlewares.offsite.OffsiteMiddleware',
 'scrapy.spidermiddlewares.referer.RefererMiddleware',
 'scrapy.spidermiddlewares.urllength.UrlLengthMiddleware',
 'scrapy.spidermiddlewares.depth.DepthMiddleware']
2022-09-12 15:02:43 [scrapy.middleware] INFO: Enabled item pipelines:
['crawler.pipelines.ElasticSearchPipeline']
2022-09-12 15:02:43 [scrapy.core.engine] INFO: Spider opened
2022-09-12 15:02:43 [scrapy.extensions.logstats] INFO: Crawled 0 pages (at 0 pages/min), scraped 0 items (at 0 items/min)
2022-09-12 15:02:43 [scrapy.extensions.telnet] INFO: Telnet console listening on 127.0.0.1:6023
2022-09-12 15:02:45 [scrapy.core.engine] DEBUG: Crawled (200) <POST https://www.youtube.com/youtubei/v1/next> (referer: None)
2022-09-12 15:02:46 [scrapy.core.engine] DEBUG: Crawled (200) <POST https://www.youtube.com/youtubei/v1/next> (referer: https://www.youtube.com/youtubei/v1/next)
2022-09-12 15:02:46 [scrapy.core.engine] INFO: Closing spider (closespider_pagecount)
2022-09-12 15:02:46 [scrapy.dupefilters] DEBUG: Filtered duplicate request: <POST https://www.youtube.com/youtubei/v1/next> - no more duplicates will be shown (see DUPEFILTER_DEBUG to show all duplicates)
2022-09-12 15:02:46 [scrapy.core.engine] DEBUG: Crawled (200) <POST https://www.youtube.com/youtubei/v1/next> (referer: https://www.youtube.com/youtubei/v1/next)
2022-09-12 15:02:46 [scrapy.core.engine] DEBUG: Crawled (200) <POST https://www.youtube.com/youtubei/v1/next> (referer: https://www.youtube.com/youtubei/v1/next)
2022-09-12 15:02:47 [scrapy.core.engine] DEBUG: Crawled (200) <POST https://www.youtube.com/youtubei/v1/next> (referer: https://www.youtube.com/youtubei/v1/next)
2022-09-12 15:02:47 [scrapy.core.engine] DEBUG: Crawled (200) <POST https://www.youtube.com/youtubei/v1/next> (referer: https://www.youtube.com/youtubei/v1/next)
2022-09-12 15:02:47 [scrapy.core.engine] DEBUG: Crawled (200) <POST https://www.youtube.com/youtubei/v1/next> (referer: https://www.youtube.com/youtubei/v1/next)
2022-09-12 15:02:47 [scrapy.core.engine] DEBUG: Crawled (200) <POST https://www.youtube.com/youtubei/v1/next> (referer: https://www.youtube.com/youtubei/v1/next)
2022-09-12 15:02:47 [scrapy.core.engine] DEBUG: Crawled (200) <POST https://www.youtube.com/youtubei/v1/next> (referer: https://www.youtube.com/youtubei/v1/next)
2022-09-12 15:02:47 [scrapy.core.engine] DEBUG: Crawled (200) <POST https://www.youtube.com/youtubei/v1/next> (referer: https://www.youtube.com/youtubei/v1/next)
2022-09-12 15:02:47 [scrapy.core.engine] DEBUG: Crawled (200) <POST https://www.youtube.com/youtubei/v1/next> (referer: https://www.youtube.com/youtubei/v1/next)
2022-09-12 15:02:47 [scrapy.core.engine] DEBUG: Crawled (200) <POST https://www.youtube.com/youtubei/v1/next> (referer: https://www.youtube.com/youtubei/v1/next)
2022-09-12 15:02:48 [scrapy.core.engine] DEBUG: Crawled (200) <POST https://www.youtube.com/youtubei/v1/next> (referer: https://www.youtube.com/youtubei/v1/next)
2022-09-12 15:02:48 [scrapy.core.engine] DEBUG: Crawled (200) <POST https://www.youtube.com/youtubei/v1/next> (referer: https://www.youtube.com/youtubei/v1/next)
2022-09-12 15:02:48 [scrapy.core.engine] DEBUG: Crawled (200) <POST https://www.youtube.com/youtubei/v1/next> (referer: https://www.youtube.com/youtubei/v1/next)
2022-09-12 15:02:48 [scrapy.core.engine] DEBUG: Crawled (200) <POST https://www.youtube.com/youtubei/v1/next> (referer: https://www.youtube.com/youtubei/v1/next)
2022-09-12 15:02:48 [scrapy.core.engine] DEBUG: Crawled (200) <POST https://www.youtube.com/youtubei/v1/next> (referer: https://www.youtube.com/youtubei/v1/next)
2022-09-12 15:02:48 [scrapy.statscollectors] INFO: Dumping Scrapy stats:
{'downloader/request_bytes': 11237,
 'downloader/request_count': 17,
 'downloader/request_method_count/POST': 17,
 'downloader/response_bytes': 701050,
 'downloader/response_count': 17,
 'downloader/response_status_count/200': 17,
 'dupefilter/filtered': 95,
 'elapsed_time_seconds': 5.321643,
 'finish_reason': 'closespider_pagecount',
 'finish_time': datetime.datetime(2022, 9, 12, 14, 2, 48, 649681),
 'httpcompression/response_bytes': 11611019,
 'httpcompression/response_count': 17,
 'log_count/DEBUG': 19,
 'log_count/INFO': 10,
 'memusage/max': 89649152,
 'memusage/startup': 89649152,
 'request_depth_max': 2,
 'response_received_count': 17,
 'scheduler/dequeued': 17,
 'scheduler/dequeued/memory': 17,
 'scheduler/enqueued': 247,
 'scheduler/enqueued/memory': 247,
 'start_time': datetime.datetime(2022, 9, 12, 14, 2, 43, 328038)}
2022-09-12 15:02:48 [scrapy.core.engine] INFO: Spider closed (closespider_pagecount)
